<?xml version="1.0" encoding="UTF-8"?>
<testng-results ignored="0" total="3" passed="3" failed="0" skipped="0">
  <reporter-output>
  </reporter-output>
  <suite started-at="2022-03-01T15:49:35 IST" name="Default suite" finished-at="2022-03-01T15:49:40 IST" duration-ms="4921">
    <groups>
      <group name="cucumber">
        <method signature="AbstractTestNGCucumberTests.runScenario(io.cucumber.testng.PickleWrapper,io.cucumber.testng.FeatureWrapper)[pri:0, instance:testRunnerFiles.ReqChainingPGDRunner@3b0fe47a]" name="runScenario" class="io.cucumber.testng.AbstractTestNGCucumberTests"/>
      </group> <!-- cucumber -->
    </groups>
    <test started-at="2022-03-01T15:49:35 IST" name="Default test" finished-at="2022-03-01T15:49:40 IST" duration-ms="4921">
      <class name="testRunnerFiles.ReqChainingPGDRunner">
        <test-method is-config="true" signature="setUpClass(org.testng.ITestContext)[pri:0, instance:testRunnerFiles.ReqChainingPGDRunner@3b0fe47a]" started-at="2022-03-01T15:49:35 IST" name="setUpClass" finished-at="2022-03-01T15:49:36 IST" duration-ms="346" status="PASS">
          <params>
            <param index="0">
              <value>
                <![CDATA[org.testng.TestRunner@20a3e10c]]>
              </value>
            </param>
          </params>
          <reporter-output>
          </reporter-output>
        </test-method> <!-- setUpClass -->
        <test-method signature="runScenario(io.cucumber.testng.PickleWrapper,io.cucumber.testng.FeatureWrapper)[pri:0, instance:testRunnerFiles.ReqChainingPGDRunner@3b0fe47a]" started-at="2022-03-01T15:49:36 IST" name="runScenario" description="Runs Cucumber Scenarios" data-provider="scenarios" finished-at="2022-03-01T15:49:40 IST" duration-ms="4109" status="PASS">
          <params>
            <param index="0">
              <value>
                <![CDATA["Creating records with different data and get a single data and delete it"]]>
              </value>
            </param>
            <param index="1">
              <value>
                <![CDATA["Optional[Request Chaining with post get and delete methods]"]]>
              </value>
            </param>
          </params>
          <reporter-output>
          </reporter-output>
        </test-method> <!-- runScenario -->
        <test-method signature="runScenario(io.cucumber.testng.PickleWrapper,io.cucumber.testng.FeatureWrapper)[pri:0, instance:testRunnerFiles.ReqChainingPGDRunner@3b0fe47a]" started-at="2022-03-01T15:49:40 IST" name="runScenario" description="Runs Cucumber Scenarios" data-provider="scenarios" finished-at="2022-03-01T15:49:40 IST" duration-ms="248" status="PASS">
          <params>
            <param index="0">
              <value>
                <![CDATA["Creating records with different data and get a single data and delete it"]]>
              </value>
            </param>
            <param index="1">
              <value>
                <![CDATA["Optional[Request Chaining with post get and delete methods]"]]>
              </value>
            </param>
          </params>
          <reporter-output>
          </reporter-output>
        </test-method> <!-- runScenario -->
        <test-method signature="runScenario(io.cucumber.testng.PickleWrapper,io.cucumber.testng.FeatureWrapper)[pri:0, instance:testRunnerFiles.ReqChainingPGDRunner@3b0fe47a]" started-at="2022-03-01T15:49:40 IST" name="runScenario" description="Runs Cucumber Scenarios" data-provider="scenarios" finished-at="2022-03-01T15:49:40 IST" duration-ms="154" status="PASS">
          <params>
            <param index="0">
              <value>
                <![CDATA["Creating records with different data and get a single data and delete it"]]>
              </value>
            </param>
            <param index="1">
              <value>
                <![CDATA["Optional[Request Chaining with post get and delete methods]"]]>
              </value>
            </param>
          </params>
          <reporter-output>
          </reporter-output>
        </test-method> <!-- runScenario -->
        <test-method is-config="true" signature="tearDownClass()[pri:0, instance:testRunnerFiles.ReqChainingPGDRunner@3b0fe47a]" started-at="2022-03-01T15:49:40 IST" name="tearDownClass" finished-at="2022-03-01T15:49:40 IST" duration-ms="11" status="PASS">
          <reporter-output>
          </reporter-output>
        </test-method> <!-- tearDownClass -->
      </class> <!-- testRunnerFiles.ReqChainingPGDRunner -->
    </test> <!-- Default test -->
  </suite> <!-- Default suite -->
</testng-results>
